<?xml version="1.0" encoding="UTF-8"?>
<testsuite xmlns:xsi="http://www.w3.org/2001/XMLSchema-instance" xsi:noNamespaceSchemaLocation="https://maven.apache.org/surefire/maven-surefire-plugin/xsd/surefire-test-report.xsd" name="br.unicamp.ic.inf335.app.trab4.AnuncianteBeanTest" time="0.045" tests="4" errors="0" skipped="0" failures="0">
  <properties>
[...]
</properties>
  <testcase name="testRemoveAnuncio" classname="br.unicamp.ic.inf335.app.trab4.AnuncianteBeanTest" time="0.011"/>
  <testcase name="testAddAnuncio" classname="br.unicamp.ic.inf335.app.trab4.AnuncianteBeanTest" time="0.001"/>
  <testcase name="testRemoveMultiplosAnuncios" classname="br.unicamp.ic.inf335.app.trab4.AnuncianteBeanTest" time="0.005"/>
  <testcase name="testMediaAnuncios" classname="br.unicamp.ic.inf335.app.trab4.AnuncianteBeanTest" time="0"/>
</testsuite>